<?xml version="1.0" encoding="UTF-8"?>
<!-- Generated by org.testng.reporters.JUnitReportReporter -->
<testsuite hostname="DESKTOP-M804ROJ" failures="0" tests="1" name="test.NewTest" time="0.017" errors="0" timestamp="2021-04-24T23:49:49 BRT" skipped="0">
  <testcase classname="test.NewTest" name="f" time="0.017"/>
  <system-out/>
</testsuite> <!-- test.NewTest -->
